# JRE version: OpenJDK Runtime Environment (21.0.6) (build 21.0.6+-13391695-b895.109)
# Java VM: OpenJDK 64-Bit Server VM (21.0.6+-13391695-b895.109, mixed mode, tiered, compressed oops, compressed class ptrs, g1 gc, windows-amd64)
GC Precious Log:
 CardTable entry size: 512
 Card Set container configuration: InlinePtr #cards 5 size 8 Array Of Cards #cards 12 size 40 Howl #buckets 4 coarsen threshold 1843 Howl Bitmap #cards 512 size 80 coarsen threshold 460 Card regions per heap region 1 cards per card region 2048
 CPUs: 8 total, 8 available
 Memory: 8072M
 Large Page Support: Disabled
 NUMA Support: Disabled
 Compressed Oops: Enabled (32-bit)
 Heap Region Size: 1M
 Heap Min Capacity: 8M
 Heap Initial Capacity: 128M
 Heap Max Capacity: 2G
 Pre-touch: Disabled
 Parallel Workers: 8
 Concurrent Workers: 2
 Concurrent Refinement Workers: 8
 Periodic GC: Disabled
Heap:
 garbage-first heap   total 309248K, used 179620K [0x0000000080000000, 0x0000000100000000)
  region size 1024K, 2 young (2048K), 2 survivors (2048K)
 Metaspace       used 170435K, committed 172928K, reserved 1245184K
  class space    used 23033K, committed 24256K, reserved 1048576K
GC Heap History (20 events):
Event: 45.398 GC heap after
{Heap after GC invocations=60 (full 0):
 garbage-first heap   total 276480K, used 172978K [0x0000000080000000, 0x0000000100000000)
  region size 1024K, 10 young (10240K), 10 survivors (10240K)
 Metaspace       used 140843K, committed 143168K, reserved 1179648K
  class space    used 18579K, committed 19712K, reserved 1048576K
}
Event: 46.988 GC heap before
{Heap before GC invocations=60 (full 0):
 garbage-first heap   total 276480K, used 190386K [0x0000000080000000, 0x0000000100000000)
  region size 1024K, 29 young (29696K), 10 survivors (10240K)
 Metaspace       used 145011K, committed 147328K, reserved 1179648K
  class space    used 19132K, committed 20288K, reserved 1048576K
}
Event: 46.995 GC heap after
{Heap after GC invocations=61 (full 0):
 garbage-first heap   total 276480K, used 174698K [0x0000000080000000, 0x0000000100000000)
  region size 1024K, 2 young (2048K), 2 survivors (2048K)
 Metaspace       used 145011K, committed 147328K, reserved 1179648K
  class space    used 19132K, committed 20288K, reserved 1048576K
}
Event: 48.509 GC heap before
{Heap before GC invocations=62 (full 0):
 garbage-first heap   total 295936K, used 252522K [0x0000000080000000, 0x0000000100000000)
  region size 1024K, 75 young (76800K), 2 survivors (2048K)
 Metaspace       used 149055K, committed 151488K, reserved 1245184K
  class space    used 19637K, committed 20800K, reserved 1048576K
}
Event: 48.516 GC heap after
{Heap after GC invocations=63 (full 0):
 garbage-first heap   total 295936K, used 181062K [0x0000000080000000, 0x0000000100000000)
  region size 1024K, 9 young (9216K), 9 survivors (9216K)
 Metaspace       used 149055K, committed 151488K, reserved 1245184K
  class space    used 19637K, committed 20800K, reserved 1048576K
}
Event: 49.218 GC heap before
{Heap before GC invocations=63 (full 0):
 garbage-first heap   total 295936K, used 266054K [0x0000000080000000, 0x0000000100000000)
  region size 1024K, 93 young (95232K), 9 survivors (9216K)
 Metaspace       used 158233K, committed 160640K, reserved 1245184K
  class space    used 21097K, committed 22272K, reserved 1048576K
}
Event: 49.235 GC heap after
{Heap after GC invocations=64 (full 0):
 garbage-first heap   total 295936K, used 175522K [0x0000000080000000, 0x0000000100000000)
  region size 1024K, 10 young (10240K), 10 survivors (10240K)
 Metaspace       used 158233K, committed 160640K, reserved 1245184K
  class space    used 21097K, committed 22272K, reserved 1048576K
}
Event: 49.867 GC heap before
{Heap before GC invocations=64 (full 0):
 garbage-first heap   total 295936K, used 263586K [0x0000000080000000, 0x0000000100000000)
  region size 1024K, 97 young (99328K), 10 survivors (10240K)
 Metaspace       used 165599K, committed 168128K, reserved 1245184K
  class space    used 22301K, committed 23552K, reserved 1048576K
}
Event: 49.879 GC heap after
{Heap after GC invocations=65 (full 0):
 garbage-first heap   total 295936K, used 179283K [0x0000000080000000, 0x0000000100000000)
  region size 1024K, 5 young (5120K), 5 survivors (5120K)
 Metaspace       used 165599K, committed 168128K, reserved 1245184K
  class space    used 22301K, committed 23552K, reserved 1048576K
}
Event: 51.995 GC heap before
{Heap before GC invocations=66 (full 0):
 garbage-first heap   total 299008K, used 269395K [0x0000000080000000, 0x0000000100000000)
  region size 1024K, 93 young (95232K), 5 survivors (5120K)
 Metaspace       used 168333K, committed 170816K, reserved 1245184K
  class space    used 22764K, committed 24000K, reserved 1048576K
}
Event: 52.001 GC heap after
{Heap after GC invocations=67 (full 0):
 garbage-first heap   total 299008K, used 178620K [0x0000000080000000, 0x0000000100000000)
  region size 1024K, 5 young (5120K), 5 survivors (5120K)
 Metaspace       used 168333K, committed 170816K, reserved 1245184K
  class space    used 22764K, committed 24000K, reserved 1048576K
}
Event: 640.929 GC heap before
{Heap before GC invocations=67 (full 0):
 garbage-first heap   total 299008K, used 297404K [0x0000000080000000, 0x0000000100000000)
  region size 1024K, 88 young (90112K), 5 survivors (5120K)
 Metaspace       used 170272K, committed 172736K, reserved 1245184K
  class space    used 23038K, committed 24256K, reserved 1048576K
}
Event: 652.038 GC heap after
{Heap after GC invocations=68 (full 0):
 garbage-first heap   total 309248K, used 175347K [0x0000000080000000, 0x0000000100000000)
  region size 1024K, 8 young (8192K), 8 survivors (8192K)
 Metaspace       used 170272K, committed 172736K, reserved 1245184K
  class space    used 23038K, committed 24256K, reserved 1048576K
}
Event: 659.458 GC heap before
{Heap before GC invocations=68 (full 0):
 garbage-first heap   total 309248K, used 181491K [0x0000000080000000, 0x0000000100000000)
  region size 1024K, 15 young (15360K), 8 survivors (8192K)
 Metaspace       used 170310K, committed 172800K, reserved 1245184K
  class space    used 23038K, committed 24256K, reserved 1048576K
}
Event: 662.219 GC heap after
{Heap after GC invocations=69 (full 0):
 garbage-first heap   total 309248K, used 177103K [0x0000000080000000, 0x0000000100000000)
  region size 1024K, 2 young (2048K), 2 survivors (2048K)
 Metaspace       used 170310K, committed 172800K, reserved 1245184K
  class space    used 23038K, committed 24256K, reserved 1048576K
}
Event: 666.893 GC heap before
{Heap before GC invocations=69 (full 0):
 garbage-first heap   total 309248K, used 189391K [0x0000000080000000, 0x0000000100000000)
  region size 1024K, 15 young (15360K), 2 survivors (2048K)
 Metaspace       used 170324K, committed 172800K, reserved 1245184K
  class space    used 23038K, committed 24256K, reserved 1048576K
}
Event: 668.314 GC heap after
{Heap after GC invocations=70 (full 0):
 garbage-first heap   total 309248K, used 177768K [0x0000000080000000, 0x0000000100000000)
  region size 1024K, 2 young (2048K), 2 survivors (2048K)
 Metaspace       used 170324K, committed 172800K, reserved 1245184K
  class space    used 23038K, committed 24256K, reserved 1048576K
}
Event: 735.717 GC heap before
{Heap before GC invocations=70 (full 0):
 garbage-first heap   total 309248K, used 188008K [0x0000000080000000, 0x0000000100000000)
  region size 1024K, 15 young (15360K), 2 survivors (2048K)
 Metaspace       used 170357K, committed 172864K, reserved 1245184K
  class space    used 23032K, committed 24256K, reserved 1048576K
}
Event: 736.981 GC heap after
{Heap after GC invocations=71 (full 0):
 garbage-first heap   total 309248K, used 177115K [0x0000000080000000, 0x0000000100000000)
  region size 1024K, 2 young (2048K), 2 survivors (2048K)
 Metaspace       used 170357K, committed 172864K, reserved 1245184K
  class space    used 23032K, committed 24256K, reserved 1048576K
}
Event: 744.072 GC heap before
{Heap before GC invocations=71 (full 0):
 garbage-first heap   total 309248K, used 190427K [0x0000000080000000, 0x0000000100000000)
  region size 1024K, 15 young (15360K), 2 survivors (2048K)
 Metaspace       used 170435K, committed 172928K, reserved 1245184K
  class space    used 23033K, committed 24256K, reserved 1048576K
}

